# JRE version: OpenJDK Runtime Environment (23.0.1+11) (build 23.0.1+11-39)
# Java VM: OpenJDK 64-Bit Server VM (23.0.1+11-39, mixed mode, emulated-client, sharing, tiered, compressed oops, compressed class ptrs, g1 gc, windows-amd64)
GC Precious Log:
 CardTable entry size: 512
 Card Set container configuration: InlinePtr #cards 5 size 8 Array Of Cards #cards 10 size 36 Howl #buckets 4 coarsen threshold 1843 Howl Bitmap #cards 512 size 80 coarsen threshold 460 Card regions per heap region 1 cards per card region 2048
 CPUs: 12 total, 12 available
 Memory: 7913M
 Large Page Support: Disabled
 NUMA Support: Disabled
 Compressed Oops: Enabled (32-bit)
 Heap Region Size: 1M
 Heap Min Capacity: 8M
 Heap Initial Capacity: 124M
 Heap Max Capacity: 1980M
 Pre-touch: Disabled
 Parallel Workers: 10
 Concurrent Workers: 3
 Concurrent Refinement Workers: 10
 Periodic GC: Disabled
Heap:
 garbage-first heap   total reserved 2027520K, committed 95232K, used 83622K [0x0000000084400000, 0x0000000100000000)
  region size 1024K, 28 young (28672K), 2 survivors (2048K)
 Metaspace       used 78027K, committed 78784K, reserved 1179648K
  class space    used 11050K, committed 11392K, reserved 1048576K
GC Heap History (20 events):
Event: 7.365 GC heap after
{Heap after GC invocations=22 (full 0):
 garbage-first heap   total reserved 2027520K, committed 77824K, used 46094K [0x0000000084400000, 0x0000000100000000)
  region size 1024K, 4 young (4096K), 4 survivors (4096K)
 Metaspace       used 58789K, committed 59584K, reserved 1114112K
  class space    used 8259K, committed 8576K, reserved 1048576K
}
Event: 7.608 GC heap before
{Heap before GC invocations=23 (full 0):
 garbage-first heap   total reserved 2027520K, committed 78848K, used 67598K [0x0000000084400000, 0x0000000100000000)
  region size 1024K, 25 young (25600K), 4 survivors (4096K)
 Metaspace       used 60972K, committed 61824K, reserved 1114112K
  class space    used 8548K, committed 8896K, reserved 1048576K
}
Event: 7.611 GC heap after
{Heap after GC invocations=24 (full 0):
 garbage-first heap   total reserved 2027520K, committed 78848K, used 47849K [0x0000000084400000, 0x0000000100000000)
  region size 1024K, 4 young (4096K), 4 survivors (4096K)
 Metaspace       used 60972K, committed 61824K, reserved 1114112K
  class space    used 8548K, committed 8896K, reserved 1048576K
}
Event: 7.807 GC heap before
{Heap before GC invocations=24 (full 0):
 garbage-first heap   total reserved 2027520K, committed 78848K, used 67305K [0x0000000084400000, 0x0000000100000000)
  region size 1024K, 24 young (24576K), 4 survivors (4096K)
 Metaspace       used 62607K, committed 63488K, reserved 1114112K
  class space    used 8794K, committed 9152K, reserved 1048576K
}
Event: 7.812 GC heap after
{Heap after GC invocations=25 (full 0):
 garbage-first heap   total reserved 2027520K, committed 95232K, used 48635K [0x0000000084400000, 0x0000000100000000)
  region size 1024K, 2 young (2048K), 2 survivors (2048K)
 Metaspace       used 62607K, committed 63488K, reserved 1114112K
  class space    used 8794K, committed 9152K, reserved 1048576K
}
Event: 21.705 GC heap before
{Heap before GC invocations=25 (full 0):
 garbage-first heap   total reserved 2027520K, committed 95232K, used 86523K [0x0000000084400000, 0x0000000100000000)
  region size 1024K, 39 young (39936K), 2 survivors (2048K)
 Metaspace       used 66473K, committed 67392K, reserved 1114112K
  class space    used 9386K, committed 9792K, reserved 1048576K
}
Event: 21.709 GC heap after
{Heap after GC invocations=26 (full 0):
 garbage-first heap   total reserved 2027520K, committed 95232K, used 51839K [0x0000000084400000, 0x0000000100000000)
  region size 1024K, 5 young (5120K), 5 survivors (5120K)
 Metaspace       used 66473K, committed 67392K, reserved 1114112K
  class space    used 9386K, committed 9792K, reserved 1048576K
}
Event: 22.129 GC heap before
{Heap before GC invocations=26 (full 0):
 garbage-first heap   total reserved 2027520K, committed 95232K, used 82559K [0x0000000084400000, 0x0000000100000000)
  region size 1024K, 36 young (36864K), 5 survivors (5120K)
 Metaspace       used 68250K, committed 69248K, reserved 1114112K
  class space    used 9735K, committed 10176K, reserved 1048576K
}
Event: 22.134 GC heap after
{Heap after GC invocations=27 (full 0):
 garbage-first heap   total reserved 2027520K, committed 95232K, used 53971K [0x0000000084400000, 0x0000000100000000)
  region size 1024K, 3 young (3072K), 3 survivors (3072K)
 Metaspace       used 68250K, committed 69248K, reserved 1114112K
  class space    used 9735K, committed 10176K, reserved 1048576K
}
Event: 22.394 GC heap before
{Heap before GC invocations=27 (full 0):
 garbage-first heap   total reserved 2027520K, committed 95232K, used 84691K [0x0000000084400000, 0x0000000100000000)
  region size 1024K, 33 young (33792K), 3 survivors (3072K)
 Metaspace       used 68355K, committed 69312K, reserved 1114112K
  class space    used 9748K, committed 10176K, reserved 1048576K
}
Event: 22.396 GC heap after
{Heap after GC invocations=28 (full 0):
 garbage-first heap   total reserved 2027520K, committed 95232K, used 54044K [0x0000000084400000, 0x0000000100000000)
  region size 1024K, 3 young (3072K), 3 survivors (3072K)
 Metaspace       used 68355K, committed 69312K, reserved 1114112K
  class space    used 9748K, committed 10176K, reserved 1048576K
}
Event: 35.567 GC heap before
{Heap before GC invocations=29 (full 0):
 garbage-first heap   total reserved 2027520K, committed 95232K, used 84764K [0x0000000084400000, 0x0000000100000000)
  region size 1024K, 33 young (33792K), 3 survivors (3072K)
 Metaspace       used 68495K, committed 69504K, reserved 1114112K
  class space    used 9784K, committed 10240K, reserved 1048576K
}
Event: 35.570 GC heap after
{Heap after GC invocations=30 (full 0):
 garbage-first heap   total reserved 2027520K, committed 95232K, used 54747K [0x0000000084400000, 0x0000000100000000)
  region size 1024K, 4 young (4096K), 4 survivors (4096K)
 Metaspace       used 68495K, committed 69504K, reserved 1114112K
  class space    used 9784K, committed 10240K, reserved 1048576K
}
Event: 152.546 GC heap before
{Heap before GC invocations=30 (full 0):
 garbage-first heap   total reserved 2027520K, committed 95232K, used 83419K [0x0000000084400000, 0x0000000100000000)
  region size 1024K, 32 young (32768K), 4 survivors (4096K)
 Metaspace       used 68595K, committed 69568K, reserved 1114112K
  class space    used 9802K, committed 10240K, reserved 1048576K
}
Event: 152.629 GC heap after
{Heap after GC invocations=31 (full 0):
 garbage-first heap   total reserved 2027520K, committed 95232K, used 53289K [0x0000000084400000, 0x0000000100000000)
  region size 1024K, 2 young (2048K), 2 survivors (2048K)
 Metaspace       used 68595K, committed 69568K, reserved 1114112K
  class space    used 9802K, committed 10240K, reserved 1048576K
}
Event: 216.730 GC heap before
{Heap before GC invocations=31 (full 0):
 garbage-first heap   total reserved 2027520K, committed 95232K, used 85033K [0x0000000084400000, 0x0000000100000000)
  region size 1024K, 34 young (34816K), 2 survivors (2048K)
 Metaspace       used 71579K, committed 72576K, reserved 1114112K
  class space    used 10142K, committed 10560K, reserved 1048576K
}
Event: 216.740 GC heap after
{Heap after GC invocations=32 (full 0):
 garbage-first heap   total reserved 2027520K, committed 95232K, used 53886K [0x0000000084400000, 0x0000000100000000)
  region size 1024K, 2 young (2048K), 2 survivors (2048K)
 Metaspace       used 71579K, committed 72576K, reserved 1114112K
  class space    used 10142K, committed 10560K, reserved 1048576K
}
Event: 247.167 GC heap before
{Heap before GC invocations=33 (full 0):
 garbage-first heap   total reserved 2027520K, committed 95232K, used 85630K [0x0000000084400000, 0x0000000100000000)
  region size 1024K, 34 young (34816K), 2 survivors (2048K)
 Metaspace       used 74035K, committed 74752K, reserved 1114112K
  class space    used 10538K, committed 10880K, reserved 1048576K
}
Event: 247.175 GC heap after
{Heap after GC invocations=34 (full 0):
 garbage-first heap   total reserved 2027520K, committed 95232K, used 56998K [0x0000000084400000, 0x0000000100000000)
  region size 1024K, 5 young (5120K), 5 survivors (5120K)
 Metaspace       used 74035K, committed 74752K, reserved 1114112K
  class space    used 10538K, committed 10880K, reserved 1048576K
}
Event: 300.481 GC heap before
{Heap before GC invocations=34 (full 0):
 garbage-first heap   total reserved 2027520K, committed 95232K, used 83622K [0x0000000084400000, 0x0000000100000000)
  region size 1024K, 31 young (31744K), 5 survivors (5120K)
 Metaspace       used 78027K, committed 78784K, reserved 1179648K
  class space    used 11050K, committed 11392K, reserved 1048576K
}

